<?xml version="1.0" encoding="UTF-8"?>
<!-- Generated by org.testng.reporters.JUnitReportReporter -->
<testsuite hostname="DESKTOP-D2FAL3B" failures="0" tests="1" name="test.day2" time="0.001" errors="0" timestamp="2021-11-22T18:33:21 IST" skipped="0">
  <testcase classname="test.day2" name="demo2" time="0.001"/>
  <system-out/>
</testsuite> <!-- test.day2 -->
