<?xml version="1.0" encoding="UTF-8"?>
<!-- Generated by org.testng.reporters.JUnitReportReporter -->
<testsuite hostname="DESKTOP-D2FAL3B" failures="0" tests="4" name="test.day4" time="0.051" errors="0" timestamp="2021-11-24T17:01:27 IST" skipped="0">
  <testcase classname="test.day4" name="method1" time="0.002"/>
  <system-out/>
  <testcase classname="test.day4" name="method3" time="0.016"/>
  <system-out/>
  <testcase classname="test.day4" name="method4" time="0.003"/>
  <system-out/>
  <testcase classname="test.day4" name="method2" time="0.030"/>
  <system-out/>
</testsuite> <!-- test.day4 -->
