<?xml version="1.0" encoding="UTF-8"?>
<!-- Generated by org.testng.reporters.JUnitReportReporter -->
<testsuite hostname="DESKTOP-D2FAL3B" failures="0" tests="1" name="test.day3" time="0.004" errors="0" timestamp="2021-11-23T15:22:59 IST" skipped="0">
  <testcase classname="test.day3" name="weblogin" time="0.004"/>
  <system-out/>
</testsuite> <!-- test.day3 -->
